C:\Program Files (x86)\Microsoft Visual Studio\2019\Community\MSBuild\Microsoft\VC\v160\Microsoft.CppBuild.targets(519,5): warning MSB8028: Katalog pośredni (Debug\) zawiera pliki udostępnione z innego projektu (Zadanie1.vcxproj). Może to spowodować niepoprawne zachowanie podczas oczyszczania i ponownej kompilacji.
  main.cpp
C:\Program Files (x86)\Microsoft Visual Studio\2019\Community\VC\Tools\MSVC\14.28.29910\include\fstream(1395,17): warning C4305: "inicjowanie": obcięcie z "double" do "float"
C:\Program Files (x86)\Microsoft Visual Studio\2019\Community\VC\Tools\MSVC\14.28.29910\include\fstream(1656,22): warning C4018: ">=": niezgodność typu ze znakiem/bez znaku
C:\Program Files (x86)\Microsoft Visual Studio\2019\Community\VC\Tools\MSVC\14.28.29910\include\fstream(1666,22): warning C4018: ">=": niezgodność typu ze znakiem/bez znaku
C:\Program Files (x86)\Microsoft Visual Studio\2019\Community\VC\Tools\MSVC\14.28.29910\include\fstream(1712,35): warning C4244: "=": konwersja z "double" do "T", możliwa utrata danych
          with
          [
              T=float
          ]
C:\Program Files (x86)\Microsoft Visual Studio\2019\Community\VC\Tools\MSVC\14.28.29910\include\fstream(1713,15): warning C4244: "=": konwersja z "double" do "T", możliwa utrata danych
          with
          [
              T=float
          ]
C:\Program Files (x86)\Microsoft Visual Studio\2019\Community\VC\Tools\MSVC\14.28.29910\include\fstream(1714,35): warning C4244: "=": konwersja z "double" do "T", możliwa utrata danych
          with
          [
              T=float
          ]
C:\Program Files (x86)\Microsoft Visual Studio\2019\Community\VC\Tools\MSVC\14.28.29910\include\fstream(1731,16): warning C4244: "inicjowanie": konwersja z "double" do "float", możliwa utrata danych
C:\Program Files (x86)\Microsoft Visual Studio\2019\Community\VC\Tools\MSVC\14.28.29910\include\fstream(1732,16): warning C4244: "inicjowanie": konwersja z "double" do "float", możliwa utrata danych
C:\Program Files (x86)\Microsoft Visual Studio\2019\Community\VC\Tools\MSVC\14.28.29910\include\fstream(1739,16): warning C4244: "inicjowanie": konwersja z "double" do "float", możliwa utrata danych
C:\Program Files (x86)\Microsoft Visual Studio\2019\Community\VC\Tools\MSVC\14.28.29910\include\fstream(1741,18): warning C4244: "inicjowanie": konwersja z "double" do "float", możliwa utrata danych
C:\Program Files (x86)\Microsoft Visual Studio\2019\Community\VC\Tools\MSVC\14.28.29910\include\fstream(1742,17): warning C4244: "inicjowanie": konwersja z "double" do "float", możliwa utrata danych
C:\Program Files (x86)\Microsoft Visual Studio\2019\Community\VC\Tools\MSVC\14.28.29910\include\fstream(2001,14): warning C4244: "inicjowanie": konwersja z "sf::Int64" do "float", możliwa utrata danych
C:\Program Files (x86)\Microsoft Visual Studio\2019\Community\VC\Tools\MSVC\14.28.29910\include\fstream(2061,17): warning C4305: "+=": obcięcie z "double" do "float"
C:\Program Files (x86)\Microsoft Visual Studio\2019\Community\VC\Tools\MSVC\14.28.29910\include\fstream(2064,17): warning C4305: "-=": obcięcie z "double" do "float"
C:\Program Files (x86)\Microsoft Visual Studio\2019\Community\VC\Tools\MSVC\14.28.29910\include\fstream(2070,48): warning C4244: "argument": konwersja z "sf::Int64" do "float", możliwa utrata danych
C:\Program Files (x86)\Microsoft Visual Studio\2019\Community\VC\Tools\MSVC\14.28.29910\include\fstream(2075,49): warning C4244: "argument": konwersja z "sf::Int64" do "float", możliwa utrata danych
C:\Program Files (x86)\Microsoft Visual Studio\2019\Community\VC\Tools\MSVC\14.28.29910\include\fstream(2114,79): warning C4305: "argument": obcięcie z "double" do "float"
C:\Program Files (x86)\Microsoft Visual Studio\2019\Community\VC\Tools\MSVC\14.28.29910\include\fstream(2118,78): warning C4305: "argument": obcięcie z "double" do "float"
C:\Program Files (x86)\Microsoft Visual Studio\2019\Community\VC\Tools\MSVC\14.28.29910\include\fstream(2125,78): warning C4305: "argument": obcięcie z "double" do "float"
C:\Program Files (x86)\Microsoft Visual Studio\2019\Community\VC\Tools\MSVC\14.28.29910\include\fstream(2132,76): warning C4305: "argument": obcięcie z "double" do "float"
  Zadanie1.vcxproj -> C:\Users\jagie\Desktop\Studia\Grafika komputerowa\Zadanie4\Debug\3D_Cube.exe
